[00:07:06] [Server thread/INFO]: Anakhilang06[/36.80.154.13:53951] logged in with entity id 56988 at (-394.1304575624651, 63.9375, 209.51910681868605)
[00:07:06] [Server thread/INFO]: Anakhilang06 joined the game
[00:07:36] [Netty Epoll Server IO #1/ERROR]: Exception occurred in netty pipeline
io.netty.handler.timeout.ReadTimeoutException: null
[00:13:01] [Server thread/INFO]: Anakhilang06 lost connection: Disconnected
[00:13:01] [Server thread/INFO]: Anakhilang06 left the game
[00:13:50] [Server thread/INFO]: Anakhilang06[/36.80.154.13:54146] logged in with entity id 60700 at (-400.5, 63.0, 204.5)
[00:13:50] [Server thread/INFO]: Anakhilang06 joined the game
[00:40:44] [Server thread/INFO]: runs[/114.10.152.53:45799] logged in with entity id 67576 at (-424.00105777908306, 74.0, 218.10973671102693)
[00:40:44] [Server thread/INFO]: runs joined the game
[00:42:03] [Server thread/INFO]: runs lost connection: Disconnected
[00:42:03] [Server thread/INFO]: runs left the game
[00:42:10] [Server thread/INFO]: runs[/114.10.152.53:45802] logged in with entity id 67816 at (-421.8852450442741, 69.5, 224.3183108382683)
[00:42:10] [Server thread/INFO]: runs joined the game
[00:42:39] [Netty Epoll Server IO #1/ERROR]: Exception occurred in netty pipeline
io.netty.handler.timeout.ReadTimeoutException: null
[00:44:49] [Server thread/WARN]: Anakhilang06 moved wrongly!
[00:45:08] [Server thread/WARN]: Anakhilang06 moved wrongly!
[00:46:20] [Server thread/WARN]: Anakhilang06 moved wrongly!
[00:47:21] [Server thread/WARN]: Anakhilang06 moved wrongly!
[00:47:47] [Server thread/INFO]: runs lost connection: Disconnected
[00:47:47] [Server thread/INFO]: runs left the game
[00:47:55] [Server thread/INFO]: runs[/114.10.152.53:45804] logged in with entity id 69596 at (-426.0589728896827, 73.5, 224.31241892958266)
[00:47:55] [Server thread/INFO]: runs joined the game
[00:50:22] [Server thread/INFO]: Anakhilang06 was doomed to fall
[00:52:13] [Server thread/WARN]: Anakhilang06 moved wrongly!
[00:52:16] [Server thread/WARN]: Anakhilang06 moved wrongly!
[00:52:17] [Server thread/WARN]: Anakhilang06 moved wrongly!
[00:52:36] [Server thread/WARN]: Anakhilang06 moved wrongly!
[00:53:38] [Server thread/INFO]: runs lost connection: Disconnected
[00:53:38] [Server thread/INFO]: runs left the game
[00:56:12] [Server thread/WARN]: Anakhilang06 moved wrongly!
[00:59:56] [Server thread/WARN]: Anakhilang06 moved wrongly!
[01:02:15] [Server thread/INFO]: Anakhilang06 lost connection: Disconnected
[01:02:15] [Server thread/INFO]: Anakhilang06 left the game
[01:02:20] [Server thread/INFO]: Anakhilang06[/36.80.154.13:55456] logged in with entity id 73048 at (-43.53000461003164, 66.9, 89.38059334259414)
[01:02:20] [Server thread/INFO]: Anakhilang06 joined the game
[01:02:28] [Server thread/INFO]: Anakhilang06 lost connection: Disconnected
[01:02:28] [Server thread/INFO]: Anakhilang06 left the game
[01:22:43] [Server thread/INFO]: Anakhilang06[/36.80.154.13:56023] logged in with entity id 73149 at (-30.726153641061536, 67.89000000022352, 105.81353438138481)
[01:22:43] [Server thread/INFO]: Anakhilang06 joined the game
[01:41:06] [Server thread/INFO]: Anakhilang06 lost connection: Disconnected
[01:41:06] [Server thread/INFO]: Anakhilang06 left the game
[02:04:26] [Server thread/INFO]: zakiatha[/202.169.232.160:64680] logged in with entity id 78457 at (-418.4059610516411, 64.0, 205.61871416870292)
[02:04:26] [Server thread/INFO]: zakiatha joined the game
[02:09:16] [Server thread/INFO]: zakiatha was run over by Prameks
[02:19:42] [Server thread/INFO]: zakiatha lost connection: Disconnected
[02:19:42] [Server thread/INFO]: zakiatha left the game
[02:23:28] [Server thread/INFO]: zakiatha[/202.169.232.160:49256] logged in with entity id 82276 at (-887.6247437805173, 75.0, 214.79939852716484)
[02:23:28] [Server thread/INFO]: zakiatha joined the game
[03:01:07] [Server thread/INFO]: zakiatha has made the advancement [Incendium]
[03:01:07] [Server thread/INFO]: zakiatha has made the advancement [We Need to Go Deeper]
[03:21:20] [Server thread/INFO]: zakiatha lost connection: Disconnected
[03:21:20] [Server thread/INFO]: zakiatha left the game
[07:45:28] [Server thread/INFO]: zakiatha[/202.169.232.160:51644] logged in with entity id 94150 at (-366.4638802548327, 70.0, 231.30000001192093)
[07:45:28] [Server thread/INFO]: zakiatha joined the game
[07:47:16] [Server thread/INFO]: zakiatha has made the advancement [The Andesite Age]
[07:49:31] [Server thread/INFO]: zakiatha has made the advancement [Bonk!]
[08:08:45] [Server thread/INFO]: zakiatha has reached the goal [Workout Session]
[09:07:00] [Server thread/INFO]: zakiatha lost connection: Disconnected
[09:07:00] [Server thread/INFO]: zakiatha left the game
[09:07:54] [Server thread/INFO]: RakanJugaJuga[/36.80.246.13:53147] logged in with entity id 108791 at (-415.2500378324417, 66.0, 221.90975648406547)
[09:07:54] [Server thread/INFO]: RakanJugaJuga joined the game
[09:08:23] [Server thread/WARN]: RakanJugaJuga moved wrongly!
[09:23:26] [Server thread/INFO]: RakanJugaJuga lost connection: Timed out
[09:23:26] [Server thread/INFO]: RakanJugaJuga left the game
[10:04:26] [Server thread/INFO]: zakiatha[/202.169.232.160:51707] logged in with entity id 111827 at (-365.4994091021893, 70.0, 228.98671169297566)
[10:04:26] [Server thread/INFO]: zakiatha joined the game
[10:17:25] [Server thread/INFO]: zakiatha has made the advancement [Take Aim]
[10:18:00] [Server thread/INFO]: zakiatha has made the advancement [Those Were the Days]
[10:19:10] [Server thread/INFO]: zakiatha has reached the goal [In the Hall of the Piglin King]
[10:19:28] [Server thread/INFO]: Named entity class_5419['Piglin Archer'/115052, l='ServerLevel[world]', x=21.20, y=74.01, z=99.00] died: Piglin Archer suffocated in a wall whilst fighting zakiatha
[10:19:45] [Server thread/INFO]: zakiatha has made the advancement [Strange Biomes]
[10:19:45] [Server thread/INFO]: zakiatha has made the advancement [The Dust Settles]
[10:20:25] [Server thread/INFO]: zakiatha was doomed to fall by Piglin Paratrooper
[10:24:18] [Server thread/INFO]: zakiatha has made the advancement [Ice Bucket Challenge]
[10:26:56] [Server thread/INFO]: zakiatha was slain by Piglin Paratrooper
[10:36:26] [Server thread/WARN]: Mismatch in destroy block pos: class_2338{x=-338, y=73, z=229} class_2338{x=-338, y=73, z=228}
[10:36:55] [Server thread/WARN]: Mismatch in destroy block pos: class_2338{x=-350, y=73, z=218} class_2338{x=-350, y=71, z=218}
[10:36:55] [Server thread/WARN]: Mismatch in destroy block pos: class_2338{x=-350, y=73, z=218} class_2338{x=-350, y=71, z=218}
[10:43:23] [Server thread/WARN]: Mismatch in destroy block pos: class_2338{x=-398, y=63, z=285} class_2338{x=-398, y=63, z=284}
[10:46:42] [Server thread/INFO]: zakiatha lost connection: Disconnected
[10:46:42] [Server thread/INFO]: zakiatha left the game
[11:19:43] [Server thread/INFO]: Anakhilang06[/180.243.55.72:50998] logged in with entity id 121696 at (-398.9023188130147, 63.0, 206.64582920180638)
[11:19:44] [Server thread/INFO]: Anakhilang06 joined the game
[11:30:09] [Server thread/WARN]: Anakhilang06 moved wrongly!
[11:36:58] [Server thread/INFO]: Villager class_1646['Nitwit'/121729, l='ServerLevel[world]', x=-351.30, y=70.00, z=225.52] died, message: 'Nitwit got smoked by an Encased Fan'
[11:46:52] [Server thread/WARN]: Anakhilang06 moved wrongly!
[11:47:12] [Server thread/WARN]: Anakhilang06 moved wrongly!
[11:49:24] [Server thread/WARN]: Anakhilang06 moved wrongly!
[11:52:19] [Server thread/WARN]: Anakhilang06 moved wrongly!
[11:52:29] [Server thread/WARN]: Anakhilang06 moved wrongly!
[11:54:37] [Server thread/WARN]: Anakhilang06 moved wrongly!
[11:55:40] [Server thread/WARN]: Anakhilang06 moved wrongly!
[11:56:10] [Server thread/INFO]: Anakhilang06 lost connection: Disconnected
[11:56:10] [Server thread/INFO]: Anakhilang06 left the game
[12:28:30] [Server thread/INFO]: Anakhilang06[/180.243.55.72:52919] logged in with entity id 136987 at (-391.4164587446711, 67.0, 223.45188745152305)
[12:28:30] [Server thread/INFO]: Anakhilang06 joined the game
[12:28:59] [Server thread/WARN]: Anakhilang06 moved wrongly!
[12:29:15] [Server thread/WARN]: Anakhilang06 moved wrongly!
[12:30:31] [Server thread/WARN]: Anakhilang06 moved wrongly!
[12:33:00] [Server thread/INFO]: RakanJugaJuga[/36.72.217.9:29505] logged in with entity id 139078 at (-385.0217562371007, -19.0, 218.38877322121078)
[12:33:00] [Server thread/INFO]: RakanJugaJuga joined the game
[12:36:52] [Server thread/WARN]: Anakhilang06 moved wrongly!
[12:38:40] [Server thread/WARN]: Anakhilang06 moved wrongly!
[12:39:54] [Server thread/WARN]: Anakhilang06 moved wrongly!
[12:40:44] [Server thread/WARN]: RakanJugaJuga moved wrongly!
[12:42:13] [Server thread/WARN]: Anakhilang06 moved wrongly!
[12:43:50] [Server thread/INFO]: zakiatha[/202.169.232.160:62339] logged in with entity id 142897 at (-348.8009935266936, 72.0, 214.30000001192093)
[12:43:50] [Server thread/INFO]: zakiatha joined the game
[12:43:50] [Server thread/WARN]: RakanJugaJuga moved wrongly!
[12:47:27] [Server thread/WARN]: Anakhilang06 moved wrongly!
[12:47:40] [Server thread/WARN]: RakanJugaJuga moved wrongly!
[12:47:53] [Server thread/INFO]: Anakhilang06 has made the advancement [Take Aim]
[12:50:26] [Server thread/INFO]: [Not Secure] <zakiatha> kalo bikin iron farm bisa bisa aja kan kalo ada mods nya kek gini?
[12:50:33] [Server thread/INFO]: [Not Secure] <RakanJugaJuga> bisa
[12:50:37] [Server thread/INFO]: [Not Secure] <zakiatha> okee
[12:52:23] [Server thread/WARN]: Mismatch in destroy block pos: class_2338{x=-358, y=70, z=210} class_2338{x=-356, y=71, z=211}
[12:52:35] [Server thread/WARN]: Anakhilang06 moved wrongly!
[12:54:05] [Server thread/WARN]: RakanJugaJuga moved wrongly!
[12:54:15] [Server thread/WARN]: Anakhilang06 moved wrongly!
[12:57:35] [Server thread/WARN]: RakanJugaJuga moved wrongly!
[13:00:47] [Server thread/WARN]: RakanJugaJuga moved wrongly!
[13:01:00] [Server thread/WARN]: RakanJugaJuga moved wrongly!
[13:01:03] [Server thread/INFO]: zakiatha has made the advancement [The Parrots and the Bats]
[13:01:10] [Server thread/WARN]: Anakhilang06 moved wrongly!
[13:03:51] [Server thread/INFO]: RakanJugaJuga has made the advancement [The Andesite Age]
[13:03:53] [Server thread/WARN]: Anakhilang06 moved wrongly!
[13:04:37] [Server thread/WARN]: Anakhilang06 moved wrongly!
[13:05:00] [Server thread/WARN]: Mismatch in destroy block pos: class_2338{x=-424, y=57, z=209} class_2338{x=-424, y=56, z=209}
[13:08:19] [Server thread/INFO]: [Not Secure] <Anakhilang06> sori
[13:08:22] [Server thread/INFO]: [Not Secure] <zakiatha> wkwkw aman
[13:11:54] [Server thread/WARN]: RakanJugaJuga moved wrongly!
[13:13:06] [Server thread/WARN]: RakanJugaJuga moved wrongly!
[13:13:17] [Server thread/WARN]: RakanJugaJuga moved wrongly!
[13:15:43] [Server thread/INFO]: [Not Secure] <zakiatha> garasi?
[13:15:54] [Server thread/INFO]: [Not Secure] <Anakhilang06> ternak villager
[13:15:58] [Server thread/INFO]: [Not Secure] <zakiatha> okee sip
[13:16:14] [Server thread/INFO]: [Not Secure] <zakiatha> aku mau bikin iron farm masih kurang bahan
[13:16:22] [Server thread/INFO]: [Not Secure] <Anakhilang06> butuh apa aja?
[13:16:24] [Server thread/WARN]: RakanJugaJuga moved wrongly!
[13:16:48] [Server thread/INFO]: [Not Secure] <zakiatha> block kisaran 3-4 stack cobblestone
[13:17:15] [Server thread/INFO]: [Not Secure] <zakiatha> sama paling kayu buat dropper dan kaca villager dah itu aja samakalo ada nametag
[13:17:31] [Server thread/INFO]: [Not Secure] <Anakhilang06> ok, tak mining cobble
[13:17:35] [Server thread/INFO]: [Not Secure] <zakiatha> okee
[13:20:47] [Server thread/WARN]: RakanJugaJuga moved wrongly!
[13:21:05] [Server thread/WARN]: RakanJugaJuga moved wrongly!
[13:21:18] [Server thread/INFO]: [Not Secure] <Anakhilang06> tak taruh di chest deket bambu ya
[13:21:23] [Server thread/INFO]: [Not Secure] <zakiatha> WOKEE
[13:22:06] [Server thread/WARN]: RakanJugaJuga moved wrongly!
[13:27:24] [Server thread/WARN]: RakanJugaJuga moved wrongly!
[13:30:23] [Server thread/INFO]: [Not Secure] <zakiatha> ada yang punya nametag?
[13:30:30] [Server thread/INFO]: [Not Secure] <Anakhilang06> mboten
[13:30:34] [Server thread/INFO]: [Not Secure] <zakiatha> oke
[13:39:15] [Server thread/INFO]: Villager class_1646['Leatherworker'/149811, l='ServerLevel[world]', x=-363.42, y=63.00, z=347.23] died, message: 'Leatherworker became roadkill'
[13:39:29] [Server thread/INFO]: [Not Secure] <zakiatha> aku minta cobble nya ya
[13:39:34] [Server thread/INFO]: [Not Secure] <Anakhilang06> oks
[13:43:17] [Server thread/WARN]: RakanJugaJuga moved wrongly!
[13:44:16] [Server thread/WARN]: RakanJugaJuga moved wrongly!
[13:44:22] [Server thread/WARN]: RakanJugaJuga moved wrongly!
[13:44:22] [Server thread/WARN]: RakanJugaJuga moved wrongly!
[13:45:36] [Server thread/WARN]: RakanJugaJuga moved wrongly!
[13:46:04] [Server thread/WARN]: RakanJugaJuga moved wrongly!
[13:47:03] [Server thread/WARN]: RakanJugaJuga moved wrongly!
[13:48:52] [Server thread/WARN]: RakanJugaJuga moved wrongly!
[13:49:36] [Server thread/WARN]: RakanJugaJuga moved wrongly!
[13:50:05] [Server thread/INFO]: [Not Secure] <RakanJugaJuga> paket
[13:50:08] [Server thread/INFO]: [Not Secure] <zakiatha> anjayy
[13:50:12] [Server thread/INFO]: [Not Secure] <zakiatha> kaget aku
[13:50:17] [Server thread/WARN]: RakanJugaJuga moved wrongly!
[13:50:35] [Server thread/INFO]: [Not Secure] <zakiatha> 2 lagi :)
[13:50:51] [Server thread/WARN]: RakanJugaJuga moved wrongly!
[13:51:35] [Server thread/WARN]: RakanJugaJuga moved wrongly!
[13:52:12] [Server thread/WARN]: RakanJugaJuga moved wrongly!
[13:52:53] [Server thread/WARN]: RakanJugaJuga moved wrongly!
[13:52:57] [Server thread/INFO]: [Not Secure] <zakiatha> ayoo 1 more
[13:53:26] [Server thread/WARN]: RakanJugaJuga moved wrongly!
[13:53:39] [Server thread/INFO]: [Not Secure] <zakiatha> thank you
[13:53:51] [Server thread/WARN]: RakanJugaJuga moved wrongly!
[13:53:52] [Server thread/WARN]: RakanJugaJuga moved wrongly!
[13:54:04] [Server thread/WARN]: RakanJugaJuga moved wrongly!
[13:54:05] [Server thread/INFO]: [Not Secure] <zakiatha> tinggal nunggu ma;am
[13:54:06] [Server thread/INFO]: [Not Secure] <zakiatha> malam
[13:54:10] [Server thread/WARN]: RakanJugaJuga moved wrongly!
[13:54:15] [Server thread/WARN]: RakanJugaJuga moved wrongly!
[14:02:36] [Server thread/WARN]: RakanJugaJuga moved wrongly!
[14:03:38] [Server thread/WARN]: RakanJugaJuga moved wrongly!
[14:05:56] [Server thread/WARN]: RakanJugaJuga moved wrongly!
[14:06:17] [Server thread/WARN]: Anakhilang06 moved wrongly!
[14:06:20] [Server thread/WARN]: RakanJugaJuga moved wrongly!
[14:07:07] [Server thread/WARN]: Anakhilang06 moved wrongly!
[14:07:33] [Server thread/INFO]: RakanJugaJuga has made the advancement [The Parrots and the Bats]
[14:07:42] [Server thread/WARN]: Anakhilang06 moved wrongly!
[14:08:37] [Server thread/INFO]: [Not Secure] <RakanJugaJuga> mau nyari zombi ya
[14:08:40] [Server thread/INFO]: [Not Secure] <zakiatha> hoo
[14:09:14] [Server thread/WARN]: Automobile (vehicle of RakanJugaJuga) moved wrongly! 0.7343546050356053
[14:10:15] [Server thread/INFO]: [Not Secure] <zakiatha> trident wkwkw
[14:10:50] [Server thread/WARN]: Anakhilang06 moved wrongly!
[14:11:02] [Server thread/WARN]: RakanJugaJuga moved wrongly!
[14:11:12] [Server thread/WARN]: RakanJugaJuga moved wrongly!
[14:11:25] [Server thread/WARN]: RakanJugaJuga moved wrongly!
[14:12:17] [Server thread/INFO]: [Not Secure] <RakanJugaJuga> temangsang ;(
[14:12:18] [Server thread/INFO]: [Not Secure] <zakiatha> wkwkw
[14:15:07] [Server thread/WARN]: Anakhilang06 moved wrongly!
[14:15:36] [Server thread/WARN]: Anakhilang06 moved wrongly!
[14:16:04] [Server thread/WARN]: RakanJugaJuga moved wrongly!
[14:16:35] [Server thread/WARN]: Anakhilang06 moved wrongly!
[14:16:37] [Server thread/WARN]: RakanJugaJuga moved wrongly!
[14:16:46] [Server thread/INFO]: [Not Secure] <zakiatha> sipp
[14:16:46] [Server thread/INFO]: [Not Secure] <RakanJugaJuga> first try
[14:17:08] [Server thread/WARN]: RakanJugaJuga moved wrongly!
[14:18:01] [Server thread/WARN]: RakanJugaJuga moved wrongly!
[14:20:39] [Server thread/WARN]: Anakhilang06 moved wrongly!
[14:20:39] [Server thread/WARN]: Anakhilang06 moved wrongly!
[14:20:41] [Server thread/INFO]: Anakhilang06 fell from a high place
[14:50:04] [Server thread/INFO]: RakanJugaJuga lost connection: Disconnected
[14:50:04] [Server thread/INFO]: RakanJugaJuga left the game
[15:11:14] [Server thread/INFO]: [Not Secure] [Server] bang, mau add 1 mod lagi, servernya ku restart
[15:11:21] [Server thread/INFO]: [Not Secure] <zakiatha> okee
[15:11:22] [Server thread/INFO]: Stopping the server
[15:11:23] [Server thread/INFO]: Stopping server
[15:11:23] [Server thread/INFO]: Saving players
[15:11:23] [Server thread/INFO]: zakiatha lost connection: Server closed
[15:11:23] [Server thread/INFO]: zakiatha left the game
[15:11:23] [Server thread/INFO]: Saving worlds
[15:11:23] [Server thread/INFO]: Saving chunks for level 'ServerLevel[world]'/minecraft:overworld
[15:11:23] [Server thread/INFO]: Saving chunks for level 'ServerLevel[world]'/minecraft:the_end
[15:11:23] [Server thread/INFO]: Saving chunks for level 'ServerLevel[world]'/minecraft:the_nether
[15:11:23] [Server thread/INFO]: ThreadedAnvilChunkStorage (world): All chunks are saved
[15:11:23] [Server thread/INFO]: ThreadedAnvilChunkStorage (DIM1): All chunks are saved
[15:11:23] [Server thread/INFO]: ThreadedAnvilChunkStorage (DIM-1): All chunks are saved
[15:11:23] [Server thread/INFO]: ThreadedAnvilChunkStorage: All dimensions are saved
[15:11:23] [Server thread/INFO]: [EasyAuth]: Shutting down EasyAuth.
[15:11:23] [Server thread/INFO]: [EasyAuth]: Database connection closed successfully
